0 info it worked if it ends with ok
1 verbose cli [ '/Users/taqtile/.nvm/versions/node/v6.5.0/bin/node',
1 verbose cli   '/Users/taqtile/.nvm/versions/node/v6.5.0/bin/npm',
1 verbose cli   'start' ]
2 info using npm@3.10.3
3 info using node@v6.5.0
4 verbose run-script [ 'prestart', 'start', 'poststart' ]
5 info lifecycle template-angular@0.1.0~prestart: template-angular@0.1.0
6 silly lifecycle template-angular@0.1.0~prestart: no script for prestart, continuing
7 info lifecycle template-angular@0.1.0~start: template-angular@0.1.0
8 verbose lifecycle template-angular@0.1.0~start: unsafe-perm in lifecycle true
9 verbose lifecycle template-angular@0.1.0~start: PATH: /Users/taqtile/.nvm/versions/node/v6.5.0/lib/node_modules/npm/bin/node-gyp-bin:/Users/taqtile/Personal-Projects/clean-architecture/node_modules/.bin:/Users/taqtile/.nvm/versions/node/v6.5.0/bin:/Users/taqtile/.rvm/gems/ruby-2.2.1/bin:/Users/taqtile/.rvm/gems/ruby-2.2.1@global/bin:/Users/taqtile/.rvm/rubies/ruby-2.2.1/bin:/Users/taqtile/.nvm/versions/node/v6.5.0/bin:/usr/local/bin:/usr/bin:/bin:/usr/sbin:/sbin:/opt/X11/bin:/Users/taqtile/.rvm/bin
10 verbose lifecycle template-angular@0.1.0~start: CWD: /Users/taqtile/Personal-Projects/clean-architecture
11 silly lifecycle template-angular@0.1.0~start: Args: [ '-c',
11 silly lifecycle   'tsc  && webpack --config webpack.config.js && node server.js' ]
12 silly lifecycle template-angular@0.1.0~start: Returned: code: 2  signal: null
13 info lifecycle template-angular@0.1.0~start: Failed to exec start script
14 verbose stack Error: template-angular@0.1.0 start: `tsc  && webpack --config webpack.config.js && node server.js`
14 verbose stack Exit status 2
14 verbose stack     at EventEmitter.<anonymous> (/Users/taqtile/.nvm/versions/node/v6.5.0/lib/node_modules/npm/lib/utils/lifecycle.js:242:16)
14 verbose stack     at emitTwo (events.js:106:13)
14 verbose stack     at EventEmitter.emit (events.js:191:7)
14 verbose stack     at ChildProcess.<anonymous> (/Users/taqtile/.nvm/versions/node/v6.5.0/lib/node_modules/npm/lib/utils/spawn.js:40:14)
14 verbose stack     at emitTwo (events.js:106:13)
14 verbose stack     at ChildProcess.emit (events.js:191:7)
14 verbose stack     at maybeClose (internal/child_process.js:877:16)
14 verbose stack     at Process.ChildProcess._handle.onexit (internal/child_process.js:226:5)
15 verbose pkgid template-angular@0.1.0
16 verbose cwd /Users/taqtile/Personal-Projects/clean-architecture
17 error Darwin 15.6.0
18 error argv "/Users/taqtile/.nvm/versions/node/v6.5.0/bin/node" "/Users/taqtile/.nvm/versions/node/v6.5.0/bin/npm" "start"
19 error node v6.5.0
20 error npm  v3.10.3
21 error code ELIFECYCLE
22 error template-angular@0.1.0 start: `tsc  && webpack --config webpack.config.js && node server.js`
22 error Exit status 2
23 error Failed at the template-angular@0.1.0 start script 'tsc  && webpack --config webpack.config.js && node server.js'.
23 error Make sure you have the latest version of node.js and npm installed.
23 error If you do, this is most likely a problem with the template-angular package,
23 error not with npm itself.
23 error Tell the author that this fails on your system:
23 error     tsc  && webpack --config webpack.config.js && node server.js
23 error You can get information on how to open an issue for this project with:
23 error     npm bugs template-angular
23 error Or if that isn't available, you can get their info via:
23 error     npm owner ls template-angular
23 error There is likely additional logging output above.
24 verbose exit [ 1, true ]
